TN:
SF:src\conferences\adapters\in-memory-conference-repository.ts
FN:4,InMemoryConferenceRepository
FN:7,create
FN:11,get
FN:15,findById
FNF:4
FNH:3
FNDA:13,InMemoryConferenceRepository
FNDA:5,create
FNDA:0,get
FNDA:4,findById
DA:1,1
DA:2,1
DA:3,1
DA:4,13
DA:5,13
DA:6,13
DA:7,13
DA:8,5
DA:9,5
DA:10,13
DA:11,13
DA:12,0
DA:13,0
DA:14,13
DA:15,13
DA:16,4
DA:17,4
DA:18,4
DA:19,13
LF:19
LH:17
BRDA:4,0,0,13
BRDA:7,1,0,5
BRDA:15,2,0,4
BRDA:17,3,0,1
BRDA:16,4,0,4
BRF:5
BRH:5
end_of_record
TN:
SF:src\conferences\entities\conference.entity.ts
FN:14,Conference
FN:17,isTooClose
FN:21,asTooManySeats
FN:25,asNotEnoughSeats
FN:29,isTooLong
FN:33,update
FNF:6
FNH:6
FNDA:11,Conference
FNDA:10,isTooClose
FNDA:8,asTooManySeats
FNDA:6,asNotEnoughSeats
FNDA:4,isTooLong
FNDA:1,update
DA:1,1
DA:2,1
DA:3,1
DA:4,1
DA:5,1
DA:6,1
DA:7,1
DA:8,1
DA:9,1
DA:10,1
DA:11,1
DA:12,1
DA:13,1
DA:14,1
DA:15,11
DA:16,1
DA:17,1
DA:18,10
DA:19,10
DA:20,1
DA:21,1
DA:22,8
DA:23,8
DA:24,1
DA:25,1
DA:26,6
DA:27,6
DA:28,1
DA:29,1
DA:30,4
DA:31,4
DA:32,1
DA:33,1
DA:34,1
DA:35,1
DA:36,1
LF:36
LH:36
BRDA:14,0,0,11
BRDA:17,1,0,10
BRDA:21,2,0,8
BRDA:25,3,0,6
BRDA:29,4,0,4
BRDA:33,5,0,1
BRF:6
BRH:6
end_of_record
TN:
SF:src\conferences\usecases\change-seats.ts
FN:13,ChangeSeats
FN:16,execute
FNF:2
FNH:2
FNDA:3,ChangeSeats
FNDA:3,execute
DA:1,1
DA:2,1
DA:3,1
DA:4,1
DA:5,1
DA:6,1
DA:7,1
DA:8,1
DA:9,1
DA:10,1
DA:11,1
DA:12,1
DA:13,1
DA:14,3
DA:15,1
DA:16,1
DA:17,3
DA:18,3
DA:19,1
DA:20,1
DA:21,3
DA:22,1
DA:23,1
DA:24,1
DA:25,1
DA:26,1
LF:26
LH:26
BRDA:13,0,0,3
BRDA:16,1,0,3
BRDA:18,2,0,1
BRDA:21,3,0,2
BRDA:21,4,0,1
BRF:5
BRH:5
end_of_record
TN:
SF:src\conferences\usecases\organize-conference.ts
FN:12,OrganizeConference
FN:19,execute
FNF:2
FNH:2
FNDA:10,OrganizeConference
FNDA:10,execute
DA:1,1
DA:2,1
DA:3,1
DA:4,1
DA:5,1
DA:6,1
DA:7,1
DA:8,1
DA:9,1
DA:10,1
DA:11,1
DA:12,1
DA:13,10
DA:14,10
DA:15,10
DA:16,10
DA:17,10
DA:18,1
DA:19,1
DA:20,10
DA:21,10
DA:22,10
DA:23,10
DA:24,10
DA:25,10
DA:26,10
DA:27,10
DA:28,10
DA:29,10
DA:30,10
DA:31,10
DA:32,2
DA:33,2
DA:34,8
DA:35,10
DA:36,2
DA:37,2
DA:38,6
DA:39,10
DA:40,2
DA:41,2
DA:42,4
DA:43,10
DA:44,2
DA:45,2
DA:46,2
DA:47,2
DA:48,2
DA:49,2
DA:50,1
LF:50
LH:50
BRDA:12,0,0,10
BRDA:19,1,0,10
BRDA:31,2,0,2
BRDA:34,3,0,8
BRDA:35,4,0,2
BRDA:38,5,0,6
BRDA:39,6,0,2
BRDA:42,7,0,4
BRDA:43,8,0,2
BRF:9
BRH:9
end_of_record
TN:
SF:src\core\adapters\fixed-date-generator.ts
FN:2,generate
FNF:1
FNH:1
FNDA:10,generate
DA:1,1
DA:2,1
DA:3,10
DA:4,10
DA:5,1
LF:5
LH:5
BRDA:2,0,0,10
BRF:1
BRH:1
end_of_record
TN:
SF:src\core\adapters\fixed-id-generator.ts
FN:5,generate
FNF:1
FNH:1
FNDA:10,generate
DA:1,1
DA:2,1
DA:3,1
DA:4,1
DA:5,1
DA:6,10
DA:7,10
DA:8,1
LF:8
LH:8
BRDA:5,0,0,10
BRF:1
BRH:1
end_of_record
TN:
SF:src\user\adapters\in-memory-user-repository.ts
FN:3,InMemoryUserRepository
FN:6,create
FN:10,findByEmail
FNF:3
FNH:3
FNDA:3,InMemoryUserRepository
FNDA:3,create
FNDA:3,findByEmail
DA:1,1
DA:2,1
DA:3,3
DA:4,3
DA:5,3
DA:6,3
DA:7,3
DA:8,3
DA:9,3
DA:10,3
DA:11,3
DA:12,3
DA:13,3
DA:14,3
LF:14
LH:14
BRDA:3,0,0,3
BRDA:6,1,0,3
BRDA:10,2,0,3
BRDA:12,3,0,1
BRDA:11,4,0,3
BRF:5
BRH:5
end_of_record
TN:
SF:src\user\entities\user.entity.ts
FN:8,User
FNF:1
FNH:1
FNDA:6,User
DA:1,1
DA:2,1
DA:3,1
DA:4,1
DA:5,1
DA:6,1
DA:7,1
DA:8,1
DA:9,6
DA:10,6
DA:11,1
DA:12,1
DA:13,1
LF:13
LH:13
BRDA:8,0,0,6
BRF:1
BRH:1
end_of_record
TN:
SF:src\user\services\basic-authenticator.ts
FN:6,BasicAuthenticator
FN:10,authenticate
FNF:2
FNH:2
FNDA:3,BasicAuthenticator
FNDA:3,authenticate
DA:1,1
DA:2,1
DA:3,1
DA:4,1
DA:5,1
DA:6,1
DA:7,3
DA:8,3
DA:9,1
DA:10,1
DA:11,3
DA:12,3
DA:13,3
DA:14,3
DA:15,3
DA:16,3
DA:17,3
DA:18,2
DA:19,2
DA:20,1
DA:21,1
DA:22,1
DA:23,1
DA:24,1
LF:24
LH:24
BRDA:6,0,0,3
BRDA:10,1,0,3
BRDA:17,2,0,2
BRDA:17,3,0,2
BRDA:20,4,0,1
BRF:5
BRH:5
end_of_record
